[0.253s] DEBUG:colcon:Command line arguments: ['/usr/bin/colcon', 'build']
[0.253s] DEBUG:colcon:Parsed command line arguments: Namespace(ament_cmake_args=None, base_paths=['.'], build_base='build', catkin_cmake_args=None, catkin_skip_building_tests=False, cmake_args=None, cmake_clean_cache=False, cmake_clean_first=False, cmake_force_configure=False, cmake_target=None, cmake_target_skip_unavailable=False, continue_on_error=False, event_handlers=None, executor='parallel', ignore_user_meta=False, install_base='install', log_base=None, log_level=None, main=<bound method BuildVerb.main of <colcon_core.verb.build.BuildVerb object at 0x7fdfd0acb430>>, merge_install=False, metas=['./colcon.meta'], packages_above=None, packages_above_and_dependencies=None, packages_above_depth=None, packages_end=None, packages_ignore=None, packages_ignore_regex=None, packages_select=None, packages_select_build_failed=False, packages_select_by_dep=None, packages_select_regex=None, packages_select_test_failures=False, packages_skip=None, packages_skip_build_finished=False, packages_skip_by_dep=None, packages_skip_regex=None, packages_skip_test_passed=False, packages_skip_up_to=None, packages_start=None, packages_up_to=None, packages_up_to_regex=None, parallel_workers=8, paths=None, symlink_install=False, test_result_base=None, verb_extension=<colcon_core.verb.build.BuildVerb object at 0x7fdfd0acb430>, verb_name='build', verb_parser=<colcon_defaults.argument_parser.defaults.DefaultArgumentsDecorator object at 0x7fdfd0acb970>)
[0.258s] Level 1:colcon.colcon_core.package_discovery:discover_packages(colcon_meta) check parameters
[0.258s] Level 1:colcon.colcon_core.package_discovery:discover_packages(recursive) check parameters
[0.258s] Level 1:colcon.colcon_core.package_discovery:discover_packages(ignore) check parameters
[0.258s] Level 1:colcon.colcon_core.package_discovery:discover_packages(path) check parameters
[0.258s] Level 1:colcon.colcon_core.package_discovery:discover_packages(colcon_meta) discover
[0.259s] Level 1:colcon.colcon_core.package_discovery:discover_packages(recursive) discover
[0.259s] INFO:colcon.colcon_core.package_discovery:Crawling recursively for packages in '/home/fofolevrai/Documents/mros_ws/src/freertos_apps/microros_nucleo_f401re_extensions'
[0.259s] Level 1:colcon.colcon_core.package_identification:_identify(.) by extensions ['ignore', 'ignore_ament_install']
[0.259s] Level 1:colcon.colcon_core.package_identification:_identify(.) by extension 'ignore'
[0.259s] Level 1:colcon.colcon_core.package_identification:_identify(.) by extension 'ignore_ament_install'
[0.259s] Level 1:colcon.colcon_core.package_identification:_identify(.) by extensions ['colcon_pkg']
[0.259s] Level 1:colcon.colcon_core.package_identification:_identify(.) by extension 'colcon_pkg'
[0.259s] Level 1:colcon.colcon_core.package_identification:_identify(.) by extensions ['colcon_meta']
[0.259s] Level 1:colcon.colcon_core.package_identification:_identify(.) by extension 'colcon_meta'
[0.259s] Level 1:colcon.colcon_core.package_identification:_identify(.) by extensions ['ros']
[0.259s] Level 1:colcon.colcon_core.package_identification:_identify(.) by extension 'ros'
[0.269s] Level 1:colcon.colcon_core.package_identification:_identify(.) by extensions ['cmake', 'python']
[0.269s] Level 1:colcon.colcon_core.package_identification:_identify(.) by extension 'cmake'
[0.269s] Level 1:colcon.colcon_core.package_identification:_identify(.) by extension 'python'
[0.269s] Level 1:colcon.colcon_core.package_identification:_identify(.) by extensions ['python_setup_py']
[0.269s] Level 1:colcon.colcon_core.package_identification:_identify(.) by extension 'python_setup_py'
[0.269s] Level 1:colcon.colcon_core.package_identification:_identify(Core) by extensions ['ignore', 'ignore_ament_install']
[0.269s] Level 1:colcon.colcon_core.package_identification:_identify(Core) by extension 'ignore'
[0.269s] Level 1:colcon.colcon_core.package_identification:_identify(Core) by extension 'ignore_ament_install'
[0.269s] Level 1:colcon.colcon_core.package_identification:_identify(Core) by extensions ['colcon_pkg']
[0.269s] Level 1:colcon.colcon_core.package_identification:_identify(Core) by extension 'colcon_pkg'
[0.269s] Level 1:colcon.colcon_core.package_identification:_identify(Core) by extensions ['colcon_meta']
[0.269s] Level 1:colcon.colcon_core.package_identification:_identify(Core) by extension 'colcon_meta'
[0.269s] Level 1:colcon.colcon_core.package_identification:_identify(Core) by extensions ['ros']
[0.269s] Level 1:colcon.colcon_core.package_identification:_identify(Core) by extension 'ros'
[0.269s] Level 1:colcon.colcon_core.package_identification:_identify(Core) by extensions ['cmake', 'python']
[0.269s] Level 1:colcon.colcon_core.package_identification:_identify(Core) by extension 'cmake'
[0.269s] Level 1:colcon.colcon_core.package_identification:_identify(Core) by extension 'python'
[0.269s] Level 1:colcon.colcon_core.package_identification:_identify(Core) by extensions ['python_setup_py']
[0.269s] Level 1:colcon.colcon_core.package_identification:_identify(Core) by extension 'python_setup_py'
[0.269s] Level 1:colcon.colcon_core.package_identification:_identify(Core/Inc) by extensions ['ignore', 'ignore_ament_install']
[0.270s] Level 1:colcon.colcon_core.package_identification:_identify(Core/Inc) by extension 'ignore'
[0.270s] Level 1:colcon.colcon_core.package_identification:_identify(Core/Inc) by extension 'ignore_ament_install'
[0.270s] Level 1:colcon.colcon_core.package_identification:_identify(Core/Inc) by extensions ['colcon_pkg']
[0.270s] Level 1:colcon.colcon_core.package_identification:_identify(Core/Inc) by extension 'colcon_pkg'
[0.270s] Level 1:colcon.colcon_core.package_identification:_identify(Core/Inc) by extensions ['colcon_meta']
[0.270s] Level 1:colcon.colcon_core.package_identification:_identify(Core/Inc) by extension 'colcon_meta'
[0.270s] Level 1:colcon.colcon_core.package_identification:_identify(Core/Inc) by extensions ['ros']
[0.270s] Level 1:colcon.colcon_core.package_identification:_identify(Core/Inc) by extension 'ros'
[0.270s] Level 1:colcon.colcon_core.package_identification:_identify(Core/Inc) by extensions ['cmake', 'python']
[0.270s] Level 1:colcon.colcon_core.package_identification:_identify(Core/Inc) by extension 'cmake'
[0.270s] Level 1:colcon.colcon_core.package_identification:_identify(Core/Inc) by extension 'python'
[0.270s] Level 1:colcon.colcon_core.package_identification:_identify(Core/Inc) by extensions ['python_setup_py']
[0.270s] Level 1:colcon.colcon_core.package_identification:_identify(Core/Inc) by extension 'python_setup_py'
[0.270s] Level 1:colcon.colcon_core.package_identification:_identify(Core/Src) by extensions ['ignore', 'ignore_ament_install']
[0.270s] Level 1:colcon.colcon_core.package_identification:_identify(Core/Src) by extension 'ignore'
[0.270s] Level 1:colcon.colcon_core.package_identification:_identify(Core/Src) by extension 'ignore_ament_install'
[0.270s] Level 1:colcon.colcon_core.package_identification:_identify(Core/Src) by extensions ['colcon_pkg']
[0.270s] Level 1:colcon.colcon_core.package_identification:_identify(Core/Src) by extension 'colcon_pkg'
[0.270s] Level 1:colcon.colcon_core.package_identification:_identify(Core/Src) by extensions ['colcon_meta']
[0.270s] Level 1:colcon.colcon_core.package_identification:_identify(Core/Src) by extension 'colcon_meta'
[0.270s] Level 1:colcon.colcon_core.package_identification:_identify(Core/Src) by extensions ['ros']
[0.270s] Level 1:colcon.colcon_core.package_identification:_identify(Core/Src) by extension 'ros'
[0.270s] Level 1:colcon.colcon_core.package_identification:_identify(Core/Src) by extensions ['cmake', 'python']
[0.270s] Level 1:colcon.colcon_core.package_identification:_identify(Core/Src) by extension 'cmake'
[0.270s] Level 1:colcon.colcon_core.package_identification:_identify(Core/Src) by extension 'python'
[0.271s] Level 1:colcon.colcon_core.package_identification:_identify(Core/Src) by extensions ['python_setup_py']
[0.271s] Level 1:colcon.colcon_core.package_identification:_identify(Core/Src) by extension 'python_setup_py'
[0.271s] Level 1:colcon.colcon_core.package_identification:_identify(Core/Startup) by extensions ['ignore', 'ignore_ament_install']
[0.271s] Level 1:colcon.colcon_core.package_identification:_identify(Core/Startup) by extension 'ignore'
[0.271s] Level 1:colcon.colcon_core.package_identification:_identify(Core/Startup) by extension 'ignore_ament_install'
[0.271s] Level 1:colcon.colcon_core.package_identification:_identify(Core/Startup) by extensions ['colcon_pkg']
[0.271s] Level 1:colcon.colcon_core.package_identification:_identify(Core/Startup) by extension 'colcon_pkg'
[0.271s] Level 1:colcon.colcon_core.package_identification:_identify(Core/Startup) by extensions ['colcon_meta']
[0.271s] Level 1:colcon.colcon_core.package_identification:_identify(Core/Startup) by extension 'colcon_meta'
[0.271s] Level 1:colcon.colcon_core.package_identification:_identify(Core/Startup) by extensions ['ros']
[0.271s] Level 1:colcon.colcon_core.package_identification:_identify(Core/Startup) by extension 'ros'
[0.271s] Level 1:colcon.colcon_core.package_identification:_identify(Core/Startup) by extensions ['cmake', 'python']
[0.271s] Level 1:colcon.colcon_core.package_identification:_identify(Core/Startup) by extension 'cmake'
[0.271s] Level 1:colcon.colcon_core.package_identification:_identify(Core/Startup) by extension 'python'
[0.271s] Level 1:colcon.colcon_core.package_identification:_identify(Core/Startup) by extensions ['python_setup_py']
[0.271s] Level 1:colcon.colcon_core.package_identification:_identify(Core/Startup) by extension 'python_setup_py'
[0.271s] Level 1:colcon.colcon_core.package_identification:_identify(Debug) by extensions ['ignore', 'ignore_ament_install']
[0.271s] Level 1:colcon.colcon_core.package_identification:_identify(Debug) by extension 'ignore'
[0.271s] Level 1:colcon.colcon_core.package_identification:_identify(Debug) by extension 'ignore_ament_install'
[0.271s] Level 1:colcon.colcon_core.package_identification:_identify(Debug) by extensions ['colcon_pkg']
[0.271s] Level 1:colcon.colcon_core.package_identification:_identify(Debug) by extension 'colcon_pkg'
[0.271s] Level 1:colcon.colcon_core.package_identification:_identify(Debug) by extensions ['colcon_meta']
[0.272s] Level 1:colcon.colcon_core.package_identification:_identify(Debug) by extension 'colcon_meta'
[0.272s] Level 1:colcon.colcon_core.package_identification:_identify(Debug) by extensions ['ros']
[0.272s] Level 1:colcon.colcon_core.package_identification:_identify(Debug) by extension 'ros'
[0.272s] Level 1:colcon.colcon_core.package_identification:_identify(Debug) by extensions ['cmake', 'python']
[0.272s] Level 1:colcon.colcon_core.package_identification:_identify(Debug) by extension 'cmake'
[0.272s] Level 1:colcon.colcon_core.package_identification:_identify(Debug) by extension 'python'
[0.272s] Level 1:colcon.colcon_core.package_identification:_identify(Debug) by extensions ['python_setup_py']
[0.272s] Level 1:colcon.colcon_core.package_identification:_identify(Debug) by extension 'python_setup_py'
[0.272s] Level 1:colcon.colcon_core.package_identification:_identify(Drivers) by extensions ['ignore', 'ignore_ament_install']
[0.272s] Level 1:colcon.colcon_core.package_identification:_identify(Drivers) by extension 'ignore'
[0.272s] Level 1:colcon.colcon_core.package_identification:_identify(Drivers) by extension 'ignore_ament_install'
[0.272s] Level 1:colcon.colcon_core.package_identification:_identify(Drivers) by extensions ['colcon_pkg']
[0.272s] Level 1:colcon.colcon_core.package_identification:_identify(Drivers) by extension 'colcon_pkg'
[0.272s] Level 1:colcon.colcon_core.package_identification:_identify(Drivers) by extensions ['colcon_meta']
[0.272s] Level 1:colcon.colcon_core.package_identification:_identify(Drivers) by extension 'colcon_meta'
[0.272s] Level 1:colcon.colcon_core.package_identification:_identify(Drivers) by extensions ['ros']
[0.272s] Level 1:colcon.colcon_core.package_identification:_identify(Drivers) by extension 'ros'
[0.272s] Level 1:colcon.colcon_core.package_identification:_identify(Drivers) by extensions ['cmake', 'python']
[0.272s] Level 1:colcon.colcon_core.package_identification:_identify(Drivers) by extension 'cmake'
[0.272s] Level 1:colcon.colcon_core.package_identification:_identify(Drivers) by extension 'python'
[0.272s] Level 1:colcon.colcon_core.package_identification:_identify(Drivers) by extensions ['python_setup_py']
[0.272s] Level 1:colcon.colcon_core.package_identification:_identify(Drivers) by extension 'python_setup_py'
[0.272s] Level 1:colcon.colcon_core.package_identification:_identify(Drivers/CMSIS) by extensions ['ignore', 'ignore_ament_install']
[0.272s] Level 1:colcon.colcon_core.package_identification:_identify(Drivers/CMSIS) by extension 'ignore'
[0.273s] Level 1:colcon.colcon_core.package_identification:_identify(Drivers/CMSIS) by extension 'ignore_ament_install'
[0.273s] Level 1:colcon.colcon_core.package_identification:_identify(Drivers/CMSIS) by extensions ['colcon_pkg']
[0.273s] Level 1:colcon.colcon_core.package_identification:_identify(Drivers/CMSIS) by extension 'colcon_pkg'
[0.273s] Level 1:colcon.colcon_core.package_identification:_identify(Drivers/CMSIS) by extensions ['colcon_meta']
[0.273s] Level 1:colcon.colcon_core.package_identification:_identify(Drivers/CMSIS) by extension 'colcon_meta'
[0.273s] Level 1:colcon.colcon_core.package_identification:_identify(Drivers/CMSIS) by extensions ['ros']
[0.273s] Level 1:colcon.colcon_core.package_identification:_identify(Drivers/CMSIS) by extension 'ros'
[0.273s] Level 1:colcon.colcon_core.package_identification:_identify(Drivers/CMSIS) by extensions ['cmake', 'python']
[0.273s] Level 1:colcon.colcon_core.package_identification:_identify(Drivers/CMSIS) by extension 'cmake'
[0.273s] Level 1:colcon.colcon_core.package_identification:_identify(Drivers/CMSIS) by extension 'python'
[0.273s] Level 1:colcon.colcon_core.package_identification:_identify(Drivers/CMSIS) by extensions ['python_setup_py']
[0.273s] Level 1:colcon.colcon_core.package_identification:_identify(Drivers/CMSIS) by extension 'python_setup_py'
[0.273s] Level 1:colcon.colcon_core.package_identification:_identify(Drivers/CMSIS/Device) by extensions ['ignore', 'ignore_ament_install']
[0.273s] Level 1:colcon.colcon_core.package_identification:_identify(Drivers/CMSIS/Device) by extension 'ignore'
[0.273s] Level 1:colcon.colcon_core.package_identification:_identify(Drivers/CMSIS/Device) by extension 'ignore_ament_install'
[0.273s] Level 1:colcon.colcon_core.package_identification:_identify(Drivers/CMSIS/Device) by extensions ['colcon_pkg']
[0.273s] Level 1:colcon.colcon_core.package_identification:_identify(Drivers/CMSIS/Device) by extension 'colcon_pkg'
[0.273s] Level 1:colcon.colcon_core.package_identification:_identify(Drivers/CMSIS/Device) by extensions ['colcon_meta']
[0.273s] Level 1:colcon.colcon_core.package_identification:_identify(Drivers/CMSIS/Device) by extension 'colcon_meta'
[0.273s] Level 1:colcon.colcon_core.package_identification:_identify(Drivers/CMSIS/Device) by extensions ['ros']
[0.273s] Level 1:colcon.colcon_core.package_identification:_identify(Drivers/CMSIS/Device) by extension 'ros'
[0.273s] Level 1:colcon.colcon_core.package_identification:_identify(Drivers/CMSIS/Device) by extensions ['cmake', 'python']
[0.273s] Level 1:colcon.colcon_core.package_identification:_identify(Drivers/CMSIS/Device) by extension 'cmake'
[0.273s] Level 1:colcon.colcon_core.package_identification:_identify(Drivers/CMSIS/Device) by extension 'python'
[0.273s] Level 1:colcon.colcon_core.package_identification:_identify(Drivers/CMSIS/Device) by extensions ['python_setup_py']
[0.274s] Level 1:colcon.colcon_core.package_identification:_identify(Drivers/CMSIS/Device) by extension 'python_setup_py'
[0.274s] Level 1:colcon.colcon_core.package_identification:_identify(Drivers/CMSIS/Device/ST) by extensions ['ignore', 'ignore_ament_install']
[0.274s] Level 1:colcon.colcon_core.package_identification:_identify(Drivers/CMSIS/Device/ST) by extension 'ignore'
[0.274s] Level 1:colcon.colcon_core.package_identification:_identify(Drivers/CMSIS/Device/ST) by extension 'ignore_ament_install'
[0.274s] Level 1:colcon.colcon_core.package_identification:_identify(Drivers/CMSIS/Device/ST) by extensions ['colcon_pkg']
[0.274s] Level 1:colcon.colcon_core.package_identification:_identify(Drivers/CMSIS/Device/ST) by extension 'colcon_pkg'
[0.274s] Level 1:colcon.colcon_core.package_identification:_identify(Drivers/CMSIS/Device/ST) by extensions ['colcon_meta']
[0.274s] Level 1:colcon.colcon_core.package_identification:_identify(Drivers/CMSIS/Device/ST) by extension 'colcon_meta'
[0.274s] Level 1:colcon.colcon_core.package_identification:_identify(Drivers/CMSIS/Device/ST) by extensions ['ros']
[0.274s] Level 1:colcon.colcon_core.package_identification:_identify(Drivers/CMSIS/Device/ST) by extension 'ros'
[0.274s] Level 1:colcon.colcon_core.package_identification:_identify(Drivers/CMSIS/Device/ST) by extensions ['cmake', 'python']
[0.274s] Level 1:colcon.colcon_core.package_identification:_identify(Drivers/CMSIS/Device/ST) by extension 'cmake'
[0.274s] Level 1:colcon.colcon_core.package_identification:_identify(Drivers/CMSIS/Device/ST) by extension 'python'
[0.274s] Level 1:colcon.colcon_core.package_identification:_identify(Drivers/CMSIS/Device/ST) by extensions ['python_setup_py']
[0.274s] Level 1:colcon.colcon_core.package_identification:_identify(Drivers/CMSIS/Device/ST) by extension 'python_setup_py'
[0.274s] Level 1:colcon.colcon_core.package_identification:_identify(Drivers/CMSIS/Device/ST/STM32F4xx) by extensions ['ignore', 'ignore_ament_install']
[0.274s] Level 1:colcon.colcon_core.package_identification:_identify(Drivers/CMSIS/Device/ST/STM32F4xx) by extension 'ignore'
[0.274s] Level 1:colcon.colcon_core.package_identification:_identify(Drivers/CMSIS/Device/ST/STM32F4xx) by extension 'ignore_ament_install'
[0.274s] Level 1:colcon.colcon_core.package_identification:_identify(Drivers/CMSIS/Device/ST/STM32F4xx) by extensions ['colcon_pkg']
[0.274s] Level 1:colcon.colcon_core.package_identification:_identify(Drivers/CMSIS/Device/ST/STM32F4xx) by extension 'colcon_pkg'
[0.274s] Level 1:colcon.colcon_core.package_identification:_identify(Drivers/CMSIS/Device/ST/STM32F4xx) by extensions ['colcon_meta']
[0.274s] Level 1:colcon.colcon_core.package_identification:_identify(Drivers/CMSIS/Device/ST/STM32F4xx) by extension 'colcon_meta'
[0.275s] Level 1:colcon.colcon_core.package_identification:_identify(Drivers/CMSIS/Device/ST/STM32F4xx) by extensions ['ros']
[0.275s] Level 1:colcon.colcon_core.package_identification:_identify(Drivers/CMSIS/Device/ST/STM32F4xx) by extension 'ros'
[0.275s] Level 1:colcon.colcon_core.package_identification:_identify(Drivers/CMSIS/Device/ST/STM32F4xx) by extensions ['cmake', 'python']
[0.275s] Level 1:colcon.colcon_core.package_identification:_identify(Drivers/CMSIS/Device/ST/STM32F4xx) by extension 'cmake'
[0.275s] Level 1:colcon.colcon_core.package_identification:_identify(Drivers/CMSIS/Device/ST/STM32F4xx) by extension 'python'
[0.275s] Level 1:colcon.colcon_core.package_identification:_identify(Drivers/CMSIS/Device/ST/STM32F4xx) by extensions ['python_setup_py']
[0.275s] Level 1:colcon.colcon_core.package_identification:_identify(Drivers/CMSIS/Device/ST/STM32F4xx) by extension 'python_setup_py'
[0.275s] Level 1:colcon.colcon_core.package_identification:_identify(Drivers/CMSIS/Device/ST/STM32F4xx/Include) by extensions ['ignore', 'ignore_ament_install']
[0.275s] Level 1:colcon.colcon_core.package_identification:_identify(Drivers/CMSIS/Device/ST/STM32F4xx/Include) by extension 'ignore'
[0.275s] Level 1:colcon.colcon_core.package_identification:_identify(Drivers/CMSIS/Device/ST/STM32F4xx/Include) by extension 'ignore_ament_install'
[0.275s] Level 1:colcon.colcon_core.package_identification:_identify(Drivers/CMSIS/Device/ST/STM32F4xx/Include) by extensions ['colcon_pkg']
[0.275s] Level 1:colcon.colcon_core.package_identification:_identify(Drivers/CMSIS/Device/ST/STM32F4xx/Include) by extension 'colcon_pkg'
[0.275s] Level 1:colcon.colcon_core.package_identification:_identify(Drivers/CMSIS/Device/ST/STM32F4xx/Include) by extensions ['colcon_meta']
[0.275s] Level 1:colcon.colcon_core.package_identification:_identify(Drivers/CMSIS/Device/ST/STM32F4xx/Include) by extension 'colcon_meta'
[0.275s] Level 1:colcon.colcon_core.package_identification:_identify(Drivers/CMSIS/Device/ST/STM32F4xx/Include) by extensions ['ros']
[0.275s] Level 1:colcon.colcon_core.package_identification:_identify(Drivers/CMSIS/Device/ST/STM32F4xx/Include) by extension 'ros'
[0.275s] Level 1:colcon.colcon_core.package_identification:_identify(Drivers/CMSIS/Device/ST/STM32F4xx/Include) by extensions ['cmake', 'python']
[0.275s] Level 1:colcon.colcon_core.package_identification:_identify(Drivers/CMSIS/Device/ST/STM32F4xx/Include) by extension 'cmake'
[0.275s] Level 1:colcon.colcon_core.package_identification:_identify(Drivers/CMSIS/Device/ST/STM32F4xx/Include) by extension 'python'
[0.275s] Level 1:colcon.colcon_core.package_identification:_identify(Drivers/CMSIS/Device/ST/STM32F4xx/Include) by extensions ['python_setup_py']
[0.275s] Level 1:colcon.colcon_core.package_identification:_identify(Drivers/CMSIS/Device/ST/STM32F4xx/Include) by extension 'python_setup_py'
[0.276s] Level 1:colcon.colcon_core.package_identification:_identify(Drivers/CMSIS/Device/ST/STM32F4xx/Source) by extensions ['ignore', 'ignore_ament_install']
[0.276s] Level 1:colcon.colcon_core.package_identification:_identify(Drivers/CMSIS/Device/ST/STM32F4xx/Source) by extension 'ignore'
[0.276s] Level 1:colcon.colcon_core.package_identification:_identify(Drivers/CMSIS/Device/ST/STM32F4xx/Source) by extension 'ignore_ament_install'
[0.276s] Level 1:colcon.colcon_core.package_identification:_identify(Drivers/CMSIS/Device/ST/STM32F4xx/Source) by extensions ['colcon_pkg']
[0.276s] Level 1:colcon.colcon_core.package_identification:_identify(Drivers/CMSIS/Device/ST/STM32F4xx/Source) by extension 'colcon_pkg'
[0.276s] Level 1:colcon.colcon_core.package_identification:_identify(Drivers/CMSIS/Device/ST/STM32F4xx/Source) by extensions ['colcon_meta']
[0.276s] Level 1:colcon.colcon_core.package_identification:_identify(Drivers/CMSIS/Device/ST/STM32F4xx/Source) by extension 'colcon_meta'
[0.276s] Level 1:colcon.colcon_core.package_identification:_identify(Drivers/CMSIS/Device/ST/STM32F4xx/Source) by extensions ['ros']
[0.276s] Level 1:colcon.colcon_core.package_identification:_identify(Drivers/CMSIS/Device/ST/STM32F4xx/Source) by extension 'ros'
[0.276s] Level 1:colcon.colcon_core.package_identification:_identify(Drivers/CMSIS/Device/ST/STM32F4xx/Source) by extensions ['cmake', 'python']
[0.276s] Level 1:colcon.colcon_core.package_identification:_identify(Drivers/CMSIS/Device/ST/STM32F4xx/Source) by extension 'cmake'
[0.276s] Level 1:colcon.colcon_core.package_identification:_identify(Drivers/CMSIS/Device/ST/STM32F4xx/Source) by extension 'python'
[0.276s] Level 1:colcon.colcon_core.package_identification:_identify(Drivers/CMSIS/Device/ST/STM32F4xx/Source) by extensions ['python_setup_py']
[0.276s] Level 1:colcon.colcon_core.package_identification:_identify(Drivers/CMSIS/Device/ST/STM32F4xx/Source) by extension 'python_setup_py'
[0.276s] Level 1:colcon.colcon_core.package_identification:_identify(Drivers/CMSIS/Device/ST/STM32F4xx/Source/Templates) by extensions ['ignore', 'ignore_ament_install']
[0.276s] Level 1:colcon.colcon_core.package_identification:_identify(Drivers/CMSIS/Device/ST/STM32F4xx/Source/Templates) by extension 'ignore'
[0.276s] Level 1:colcon.colcon_core.package_identification:_identify(Drivers/CMSIS/Device/ST/STM32F4xx/Source/Templates) by extension 'ignore_ament_install'
[0.276s] Level 1:colcon.colcon_core.package_identification:_identify(Drivers/CMSIS/Device/ST/STM32F4xx/Source/Templates) by extensions ['colcon_pkg']
[0.276s] Level 1:colcon.colcon_core.package_identification:_identify(Drivers/CMSIS/Device/ST/STM32F4xx/Source/Templates) by extension 'colcon_pkg'
[0.276s] Level 1:colcon.colcon_core.package_identification:_identify(Drivers/CMSIS/Device/ST/STM32F4xx/Source/Templates) by extensions ['colcon_meta']
[0.276s] Level 1:colcon.colcon_core.package_identification:_identify(Drivers/CMSIS/Device/ST/STM32F4xx/Source/Templates) by extension 'colcon_meta'
[0.277s] Level 1:colcon.colcon_core.package_identification:_identify(Drivers/CMSIS/Device/ST/STM32F4xx/Source/Templates) by extensions ['ros']
[0.277s] Level 1:colcon.colcon_core.package_identification:_identify(Drivers/CMSIS/Device/ST/STM32F4xx/Source/Templates) by extension 'ros'
[0.277s] Level 1:colcon.colcon_core.package_identification:_identify(Drivers/CMSIS/Device/ST/STM32F4xx/Source/Templates) by extensions ['cmake', 'python']
[0.277s] Level 1:colcon.colcon_core.package_identification:_identify(Drivers/CMSIS/Device/ST/STM32F4xx/Source/Templates) by extension 'cmake'
[0.277s] Level 1:colcon.colcon_core.package_identification:_identify(Drivers/CMSIS/Device/ST/STM32F4xx/Source/Templates) by extension 'python'
[0.277s] Level 1:colcon.colcon_core.package_identification:_identify(Drivers/CMSIS/Device/ST/STM32F4xx/Source/Templates) by extensions ['python_setup_py']
[0.277s] Level 1:colcon.colcon_core.package_identification:_identify(Drivers/CMSIS/Device/ST/STM32F4xx/Source/Templates) by extension 'python_setup_py'
[0.277s] Level 1:colcon.colcon_core.package_identification:_identify(Drivers/CMSIS/Include) by extensions ['ignore', 'ignore_ament_install']
[0.277s] Level 1:colcon.colcon_core.package_identification:_identify(Drivers/CMSIS/Include) by extension 'ignore'
[0.277s] Level 1:colcon.colcon_core.package_identification:_identify(Drivers/CMSIS/Include) by extension 'ignore_ament_install'
[0.277s] Level 1:colcon.colcon_core.package_identification:_identify(Drivers/CMSIS/Include) by extensions ['colcon_pkg']
[0.277s] Level 1:colcon.colcon_core.package_identification:_identify(Drivers/CMSIS/Include) by extension 'colcon_pkg'
[0.277s] Level 1:colcon.colcon_core.package_identification:_identify(Drivers/CMSIS/Include) by extensions ['colcon_meta']
[0.277s] Level 1:colcon.colcon_core.package_identification:_identify(Drivers/CMSIS/Include) by extension 'colcon_meta'
[0.277s] Level 1:colcon.colcon_core.package_identification:_identify(Drivers/CMSIS/Include) by extensions ['ros']
[0.277s] Level 1:colcon.colcon_core.package_identification:_identify(Drivers/CMSIS/Include) by extension 'ros'
[0.277s] Level 1:colcon.colcon_core.package_identification:_identify(Drivers/CMSIS/Include) by extensions ['cmake', 'python']
[0.277s] Level 1:colcon.colcon_core.package_identification:_identify(Drivers/CMSIS/Include) by extension 'cmake'
[0.277s] Level 1:colcon.colcon_core.package_identification:_identify(Drivers/CMSIS/Include) by extension 'python'
[0.277s] Level 1:colcon.colcon_core.package_identification:_identify(Drivers/CMSIS/Include) by extensions ['python_setup_py']
[0.277s] Level 1:colcon.colcon_core.package_identification:_identify(Drivers/CMSIS/Include) by extension 'python_setup_py'
[0.277s] Level 1:colcon.colcon_core.package_identification:_identify(Drivers/STM32F4xx_HAL_Driver) by extensions ['ignore', 'ignore_ament_install']
[0.278s] Level 1:colcon.colcon_core.package_identification:_identify(Drivers/STM32F4xx_HAL_Driver) by extension 'ignore'
[0.278s] Level 1:colcon.colcon_core.package_identification:_identify(Drivers/STM32F4xx_HAL_Driver) by extension 'ignore_ament_install'
[0.278s] Level 1:colcon.colcon_core.package_identification:_identify(Drivers/STM32F4xx_HAL_Driver) by extensions ['colcon_pkg']
[0.278s] Level 1:colcon.colcon_core.package_identification:_identify(Drivers/STM32F4xx_HAL_Driver) by extension 'colcon_pkg'
[0.278s] Level 1:colcon.colcon_core.package_identification:_identify(Drivers/STM32F4xx_HAL_Driver) by extensions ['colcon_meta']
[0.278s] Level 1:colcon.colcon_core.package_identification:_identify(Drivers/STM32F4xx_HAL_Driver) by extension 'colcon_meta'
[0.278s] Level 1:colcon.colcon_core.package_identification:_identify(Drivers/STM32F4xx_HAL_Driver) by extensions ['ros']
[0.278s] Level 1:colcon.colcon_core.package_identification:_identify(Drivers/STM32F4xx_HAL_Driver) by extension 'ros'
[0.278s] Level 1:colcon.colcon_core.package_identification:_identify(Drivers/STM32F4xx_HAL_Driver) by extensions ['cmake', 'python']
[0.278s] Level 1:colcon.colcon_core.package_identification:_identify(Drivers/STM32F4xx_HAL_Driver) by extension 'cmake'
[0.278s] Level 1:colcon.colcon_core.package_identification:_identify(Drivers/STM32F4xx_HAL_Driver) by extension 'python'
[0.278s] Level 1:colcon.colcon_core.package_identification:_identify(Drivers/STM32F4xx_HAL_Driver) by extensions ['python_setup_py']
[0.278s] Level 1:colcon.colcon_core.package_identification:_identify(Drivers/STM32F4xx_HAL_Driver) by extension 'python_setup_py'
[0.278s] Level 1:colcon.colcon_core.package_identification:_identify(Drivers/STM32F4xx_HAL_Driver/Inc) by extensions ['ignore', 'ignore_ament_install']
[0.278s] Level 1:colcon.colcon_core.package_identification:_identify(Drivers/STM32F4xx_HAL_Driver/Inc) by extension 'ignore'
[0.278s] Level 1:colcon.colcon_core.package_identification:_identify(Drivers/STM32F4xx_HAL_Driver/Inc) by extension 'ignore_ament_install'
[0.278s] Level 1:colcon.colcon_core.package_identification:_identify(Drivers/STM32F4xx_HAL_Driver/Inc) by extensions ['colcon_pkg']
[0.278s] Level 1:colcon.colcon_core.package_identification:_identify(Drivers/STM32F4xx_HAL_Driver/Inc) by extension 'colcon_pkg'
[0.278s] Level 1:colcon.colcon_core.package_identification:_identify(Drivers/STM32F4xx_HAL_Driver/Inc) by extensions ['colcon_meta']
[0.278s] Level 1:colcon.colcon_core.package_identification:_identify(Drivers/STM32F4xx_HAL_Driver/Inc) by extension 'colcon_meta'
[0.278s] Level 1:colcon.colcon_core.package_identification:_identify(Drivers/STM32F4xx_HAL_Driver/Inc) by extensions ['ros']
[0.278s] Level 1:colcon.colcon_core.package_identification:_identify(Drivers/STM32F4xx_HAL_Driver/Inc) by extension 'ros'
[0.278s] Level 1:colcon.colcon_core.package_identification:_identify(Drivers/STM32F4xx_HAL_Driver/Inc) by extensions ['cmake', 'python']
[0.278s] Level 1:colcon.colcon_core.package_identification:_identify(Drivers/STM32F4xx_HAL_Driver/Inc) by extension 'cmake'
[0.279s] Level 1:colcon.colcon_core.package_identification:_identify(Drivers/STM32F4xx_HAL_Driver/Inc) by extension 'python'
[0.279s] Level 1:colcon.colcon_core.package_identification:_identify(Drivers/STM32F4xx_HAL_Driver/Inc) by extensions ['python_setup_py']
[0.279s] Level 1:colcon.colcon_core.package_identification:_identify(Drivers/STM32F4xx_HAL_Driver/Inc) by extension 'python_setup_py'
[0.279s] Level 1:colcon.colcon_core.package_identification:_identify(Drivers/STM32F4xx_HAL_Driver/Inc/Legacy) by extensions ['ignore', 'ignore_ament_install']
[0.279s] Level 1:colcon.colcon_core.package_identification:_identify(Drivers/STM32F4xx_HAL_Driver/Inc/Legacy) by extension 'ignore'
[0.279s] Level 1:colcon.colcon_core.package_identification:_identify(Drivers/STM32F4xx_HAL_Driver/Inc/Legacy) by extension 'ignore_ament_install'
[0.279s] Level 1:colcon.colcon_core.package_identification:_identify(Drivers/STM32F4xx_HAL_Driver/Inc/Legacy) by extensions ['colcon_pkg']
[0.279s] Level 1:colcon.colcon_core.package_identification:_identify(Drivers/STM32F4xx_HAL_Driver/Inc/Legacy) by extension 'colcon_pkg'
[0.279s] Level 1:colcon.colcon_core.package_identification:_identify(Drivers/STM32F4xx_HAL_Driver/Inc/Legacy) by extensions ['colcon_meta']
[0.279s] Level 1:colcon.colcon_core.package_identification:_identify(Drivers/STM32F4xx_HAL_Driver/Inc/Legacy) by extension 'colcon_meta'
[0.279s] Level 1:colcon.colcon_core.package_identification:_identify(Drivers/STM32F4xx_HAL_Driver/Inc/Legacy) by extensions ['ros']
[0.279s] Level 1:colcon.colcon_core.package_identification:_identify(Drivers/STM32F4xx_HAL_Driver/Inc/Legacy) by extension 'ros'
[0.279s] Level 1:colcon.colcon_core.package_identification:_identify(Drivers/STM32F4xx_HAL_Driver/Inc/Legacy) by extensions ['cmake', 'python']
[0.279s] Level 1:colcon.colcon_core.package_identification:_identify(Drivers/STM32F4xx_HAL_Driver/Inc/Legacy) by extension 'cmake'
[0.279s] Level 1:colcon.colcon_core.package_identification:_identify(Drivers/STM32F4xx_HAL_Driver/Inc/Legacy) by extension 'python'
[0.279s] Level 1:colcon.colcon_core.package_identification:_identify(Drivers/STM32F4xx_HAL_Driver/Inc/Legacy) by extensions ['python_setup_py']
[0.279s] Level 1:colcon.colcon_core.package_identification:_identify(Drivers/STM32F4xx_HAL_Driver/Inc/Legacy) by extension 'python_setup_py'
[0.279s] Level 1:colcon.colcon_core.package_identification:_identify(Drivers/STM32F4xx_HAL_Driver/Src) by extensions ['ignore', 'ignore_ament_install']
[0.279s] Level 1:colcon.colcon_core.package_identification:_identify(Drivers/STM32F4xx_HAL_Driver/Src) by extension 'ignore'
[0.279s] Level 1:colcon.colcon_core.package_identification:_identify(Drivers/STM32F4xx_HAL_Driver/Src) by extension 'ignore_ament_install'
[0.280s] Level 1:colcon.colcon_core.package_identification:_identify(Drivers/STM32F4xx_HAL_Driver/Src) by extensions ['colcon_pkg']
[0.280s] Level 1:colcon.colcon_core.package_identification:_identify(Drivers/STM32F4xx_HAL_Driver/Src) by extension 'colcon_pkg'
[0.280s] Level 1:colcon.colcon_core.package_identification:_identify(Drivers/STM32F4xx_HAL_Driver/Src) by extensions ['colcon_meta']
[0.280s] Level 1:colcon.colcon_core.package_identification:_identify(Drivers/STM32F4xx_HAL_Driver/Src) by extension 'colcon_meta'
[0.280s] Level 1:colcon.colcon_core.package_identification:_identify(Drivers/STM32F4xx_HAL_Driver/Src) by extensions ['ros']
[0.280s] Level 1:colcon.colcon_core.package_identification:_identify(Drivers/STM32F4xx_HAL_Driver/Src) by extension 'ros'
[0.280s] Level 1:colcon.colcon_core.package_identification:_identify(Drivers/STM32F4xx_HAL_Driver/Src) by extensions ['cmake', 'python']
[0.280s] Level 1:colcon.colcon_core.package_identification:_identify(Drivers/STM32F4xx_HAL_Driver/Src) by extension 'cmake'
[0.280s] Level 1:colcon.colcon_core.package_identification:_identify(Drivers/STM32F4xx_HAL_Driver/Src) by extension 'python'
[0.280s] Level 1:colcon.colcon_core.package_identification:_identify(Drivers/STM32F4xx_HAL_Driver/Src) by extensions ['python_setup_py']
[0.280s] Level 1:colcon.colcon_core.package_identification:_identify(Drivers/STM32F4xx_HAL_Driver/Src) by extension 'python_setup_py'
[0.280s] Level 1:colcon.colcon_core.package_identification:_identify(build) by extensions ['ignore', 'ignore_ament_install']
[0.280s] Level 1:colcon.colcon_core.package_identification:_identify(build) by extension 'ignore'
[0.280s] Level 1:colcon.colcon_core.package_identification:_identify(build) ignored
[0.280s] Level 1:colcon.colcon_core.package_identification:_identify(install) by extensions ['ignore', 'ignore_ament_install']
[0.280s] Level 1:colcon.colcon_core.package_identification:_identify(install) by extension 'ignore'
[0.280s] Level 1:colcon.colcon_core.package_identification:_identify(install) ignored
[0.280s] Level 1:colcon.colcon_core.package_identification:_identify(log) by extensions ['ignore', 'ignore_ament_install']
[0.280s] Level 1:colcon.colcon_core.package_identification:_identify(log) by extension 'ignore'
[0.280s] Level 1:colcon.colcon_core.package_identification:_identify(log) ignored
[0.280s] Level 1:colcon.colcon_core.package_discovery:discover_packages(recursive) using defaults
[0.281s] Level 1:colcon.colcon_core.package_discovery:discover_packages(ignore) discover
[0.281s] Level 1:colcon.colcon_core.package_discovery:discover_packages(ignore) using defaults
[0.281s] Level 1:colcon.colcon_core.package_discovery:discover_packages(path) discover
[0.281s] Level 1:colcon.colcon_core.package_discovery:discover_packages(path) using defaults
[0.296s] INFO:colcon.colcon_core.executor:Executing jobs using 'parallel' executor
[0.297s] DEBUG:colcon.colcon_parallel_executor.executor.parallel:run_until_complete
[0.297s] DEBUG:colcon.colcon_parallel_executor.executor.parallel:closing loop
[0.298s] DEBUG:colcon.colcon_parallel_executor.executor.parallel:loop closed
[0.298s] DEBUG:colcon.colcon_parallel_executor.executor.parallel:run_until_complete finished with '0'
[0.298s] DEBUG:colcon.colcon_core.event_reactor:joining thread
[0.303s] INFO:colcon.colcon_core.plugin_system:Skipping extension 'colcon_notification.desktop_notification.terminal_notifier': Not used on non-Darwin systems
[0.304s] INFO:colcon.colcon_core.plugin_system:Skipping extension 'colcon_notification.desktop_notification.win32': Not used on non-Windows systems
[0.304s] INFO:colcon.colcon_notification.desktop_notification:Sending desktop notification using 'notify2'
[0.316s] DEBUG:colcon.colcon_core.event_reactor:joined thread
[0.321s] INFO:colcon.colcon_core.plugin_system:Skipping extension 'colcon_core.shell.bat': Not used on non-Windows systems
[0.321s] INFO:colcon.colcon_core.shell:Creating prefix script '/home/fofolevrai/Documents/mros_ws/src/freertos_apps/microros_nucleo_f401re_extensions/install/local_setup.ps1'
[0.322s] INFO:colcon.colcon_core.shell:Creating prefix util module '/home/fofolevrai/Documents/mros_ws/src/freertos_apps/microros_nucleo_f401re_extensions/install/_local_setup_util_ps1.py'
[0.323s] INFO:colcon.colcon_core.shell:Creating prefix chain script '/home/fofolevrai/Documents/mros_ws/src/freertos_apps/microros_nucleo_f401re_extensions/install/setup.ps1'
[0.326s] INFO:colcon.colcon_core.shell:Creating prefix script '/home/fofolevrai/Documents/mros_ws/src/freertos_apps/microros_nucleo_f401re_extensions/install/local_setup.sh'
[0.327s] INFO:colcon.colcon_core.shell:Creating prefix util module '/home/fofolevrai/Documents/mros_ws/src/freertos_apps/microros_nucleo_f401re_extensions/install/_local_setup_util_sh.py'
[0.327s] INFO:colcon.colcon_core.shell:Creating prefix chain script '/home/fofolevrai/Documents/mros_ws/src/freertos_apps/microros_nucleo_f401re_extensions/install/setup.sh'
[0.330s] INFO:colcon.colcon_core.shell:Creating prefix script '/home/fofolevrai/Documents/mros_ws/src/freertos_apps/microros_nucleo_f401re_extensions/install/local_setup.bash'
[0.330s] INFO:colcon.colcon_core.shell:Creating prefix chain script '/home/fofolevrai/Documents/mros_ws/src/freertos_apps/microros_nucleo_f401re_extensions/install/setup.bash'
[0.334s] INFO:colcon.colcon_core.shell:Creating prefix script '/home/fofolevrai/Documents/mros_ws/src/freertos_apps/microros_nucleo_f401re_extensions/install/local_setup.zsh'
[0.335s] INFO:colcon.colcon_core.shell:Creating prefix chain script '/home/fofolevrai/Documents/mros_ws/src/freertos_apps/microros_nucleo_f401re_extensions/install/setup.zsh'
